<?xml version="1.0" encoding="UTF-8"?>
<!-- Generated by org.testng.reporters.JUnitReportReporter -->
<testsuite hostname="HURCHNLPREN050" name="kitabooTest.SanityTestNew" tests="1" failures="0" timestamp="25 Sep 2021 18:03:58 GMT" time="53.689" errors="0">
  <testcase name="kitabbooexection" time="53.689" classname="kitabooTest.SanityTestNew"/>
</testsuite> <!-- kitabooTest.SanityTestNew -->
